{"/home/luanthnh/Public/Workspaces/front_end/tiki/backend/src/libs/utils/calculateShipping.util.ts": {"path":"/home/luanthnh/Public/Workspaces/front_end/tiki/backend/src/libs/utils/calculateShipping.util.ts","statementMap":{"0":{"start":{"line":123,"column":9},"end":{"line":123,"column":26}},"1":{"start":{"line":1,"column":0},"end":{"line":1,"column":65}},"2":{"start":{"line":25,"column":13},"end":{"line":40,"column":2}},"3":{"start":{"line":66,"column":28},"end":{"line":72,"column":3}},"4":{"start":{"line":67,"column":4},"end":{"line":71,"column":27}},"5":{"start":{"line":74,"column":33},"end":{"line":74,"column":64}},"6":{"start":{"line":75,"column":33},"end":{"line":75,"column":64}},"7":{"start":{"line":77,"column":25},"end":{"line":77,"column":74}},"8":{"start":{"line":78,"column":23},"end":{"line":78,"column":52}},"9":{"start":{"line":81,"column":22},"end":{"line":82,"column":74}},"10":{"start":{"line":82,"column":4},"end":{"line":82,"column":74}},"11":{"start":{"line":84,"column":26},"end":{"line":84,"column":51}},"12":{"start":{"line":85,"column":26},"end":{"line":85,"column":51}},"13":{"start":{"line":91,"column":2},"end":{"line":111,"column":3}},"14":{"start":{"line":93,"column":4},"end":{"line":93,"column":57}},"15":{"start":{"line":94,"column":4},"end":{"line":94,"column":68}},"16":{"start":{"line":95,"column":9},"end":{"line":111,"column":3}},"17":{"start":{"line":97,"column":4},"end":{"line":97,"column":60}},"18":{"start":{"line":98,"column":4},"end":{"line":98,"column":71}},"19":{"start":{"line":99,"column":9},"end":{"line":111,"column":3}},"20":{"start":{"line":101,"column":4},"end":{"line":101,"column":63}},"21":{"start":{"line":102,"column":4},"end":{"line":102,"column":74}},"22":{"start":{"line":103,"column":9},"end":{"line":111,"column":3}},"23":{"start":{"line":105,"column":4},"end":{"line":105,"column":65}},"24":{"start":{"line":106,"column":4},"end":{"line":106,"column":76}},"25":{"start":{"line":109,"column":4},"end":{"line":109,"column":68}},"26":{"start":{"line":110,"column":4},"end":{"line":110,"column":79}},"27":{"start":{"line":114,"column":22},"end":{"line":114,"column":47}},"28":{"start":{"line":115,"column":2},"end":{"line":115,"column":54}},"29":{"start":{"line":118,"column":2},"end":{"line":118,"column":59}},"30":{"start":{"line":120,"column":2},"end":{"line":120,"column":48}}},"fnMap":{"0":{"name":"calculateShipping","decl":{"start":{"line":57,"column":15},"end":{"line":57,"column":32}},"loc":{"start":{"line":65,"column":8},"end":{"line":121,"column":1}}},"1":{"name":"(anonymous_1)","decl":{"start":{"line":66,"column":28},"end":{"line":66,"column":29}},"loc":{"start":{"line":66,"column":53},"end":{"line":72,"column":3}}},"2":{"name":"(anonymous_2)","decl":{"start":{"line":81,"column":22},"end":{"line":81,"column":23}},"loc":{"start":{"line":82,"column":4},"end":{"line":82,"column":74}}}},"branchMap":{"0":{"loc":{"start":{"line":61,"column":2},"end":{"line":61,"column":32}},"type":"default-arg","locations":[{"start":{"line":61,"column":17},"end":{"line":61,"column":32}}]},"1":{"loc":{"start":{"line":62,"column":2},"end":{"line":62,"column":32}},"type":"default-arg","locations":[{"start":{"line":62,"column":17},"end":{"line":62,"column":32}}]},"2":{"loc":{"start":{"line":63,"column":2},"end":{"line":63,"column":36}},"type":"default-arg","locations":[{"start":{"line":63,"column":16},"end":{"line":63,"column":36}}]},"3":{"loc":{"start":{"line":64,"column":2},"end":{"line":64,"column":28}},"type":"default-arg","locations":[{"start":{"line":64,"column":13},"end":{"line":64,"column":28}}]},"4":{"loc":{"start":{"line":91,"column":2},"end":{"line":111,"column":3}},"type":"if","locations":[{"start":{"line":91,"column":2},"end":{"line":111,"column":3}},{"start":{"line":95,"column":9},"end":{"line":111,"column":3}}]},"5":{"loc":{"start":{"line":95,"column":9},"end":{"line":111,"column":3}},"type":"if","locations":[{"start":{"line":95,"column":9},"end":{"line":111,"column":3}},{"start":{"line":99,"column":9},"end":{"line":111,"column":3}}]},"6":{"loc":{"start":{"line":95,"column":13},"end":{"line":95,"column":65}},"type":"binary-expr","locations":[{"start":{"line":95,"column":13},"end":{"line":95,"column":25}},{"start":{"line":95,"column":30},"end":{"line":95,"column":45}},{"start":{"line":95,"column":49},"end":{"line":95,"column":64}}]},"7":{"loc":{"start":{"line":99,"column":9},"end":{"line":111,"column":3}},"type":"if","locations":[{"start":{"line":99,"column":9},"end":{"line":111,"column":3}},{"start":{"line":103,"column":9},"end":{"line":111,"column":3}}]},"8":{"loc":{"start":{"line":103,"column":9},"end":{"line":111,"column":3}},"type":"if","locations":[{"start":{"line":103,"column":9},"end":{"line":111,"column":3}},{"start":{"line":107,"column":9},"end":{"line":111,"column":3}}]}},"s":{"0":1,"1":1,"2":1,"3":10,"4":20,"5":10,"6":10,"7":10,"8":10,"9":10,"10":20,"11":10,"12":10,"13":10,"14":5,"15":5,"16":5,"17":0,"18":0,"19":5,"20":2,"21":2,"22":3,"23":2,"24":2,"25":1,"26":1,"27":10,"28":10,"29":10,"30":10},"f":{"0":10,"1":20,"2":20},"b":{"0":[2],"1":[3],"2":[0],"3":[0],"4":[5,5],"5":[0,5],"6":[5,2,2],"7":[2,3],"8":[2,1]}}
}
