TN:
SF:src/libs/utils/calculateShipping.util.ts
FN:57,calculateShipping
FN:66,(anonymous_1)
FN:81,(anonymous_2)
FNF:3
FNH:3
FNDA:10,calculateShipping
FNDA:20,(anonymous_1)
FNDA:20,(anonymous_2)
DA:1,1
DA:25,1
DA:66,10
DA:67,20
DA:74,10
DA:75,10
DA:77,10
DA:78,10
DA:81,10
DA:82,20
DA:84,10
DA:85,10
DA:91,10
DA:93,5
DA:94,5
DA:95,5
DA:97,0
DA:98,0
DA:99,5
DA:101,2
DA:102,2
DA:103,3
DA:105,2
DA:106,2
DA:109,1
DA:110,1
DA:114,10
DA:115,10
DA:118,10
DA:120,10
DA:123,1
LF:31
LH:29
BRDA:61,0,0,2
BRDA:62,1,0,3
BRDA:63,2,0,0
BRDA:64,3,0,0
BRDA:91,4,0,5
BRDA:91,4,1,5
BRDA:95,5,0,0
BRDA:95,5,1,5
BRDA:95,6,0,5
BRDA:95,6,1,2
BRDA:95,6,2,2
BRDA:99,7,0,2
BRDA:99,7,1,3
BRDA:103,8,0,2
BRDA:103,8,1,1
BRF:15
BRH:12
end_of_record
